[sites.google.com/view/toader.html]
[ssl.gstatic.com/atari/images/favicon_2.ico]
[backblue.gif]
[fade.gif]
[index.html]
[ssl.gstatic.com/atari/images/simple-header-blended-small.png]
[ssl.gstatic.com/docs/common/cleardot.gif]
[apis.google.com/js/clientc932.js]
[lh5.googleusercontent.com/unnamed.png]
[sites.google.com/view/toader/首頁.html]
[lh5.googleusercontent.com/unnamed-2.png]
[lh6.googleusercontent.com/unnamed.png]
[lh3.googleusercontent.com/unnamed.png]
[lh6.googleusercontent.com/unnamed-2.png]
[sites.google.com/view/toader.html]
[lh4.googleusercontent.com/unnamed.png]
[fonts.googleapis.com/cssaa29.css]
[fonts.googleapis.com/csse3d2.css]
[www.gstatic.com/_/atari/_/ss/k=atari.vw.HmRwfESrZW8.L.X.O/d=1/ct=zgms/rs=AGEqA5kTuWny1yoQLnWJ7E2olt6Rk9xWCg.css]
[sites.google.com/view/toader/首頁.html]
[apis.google.com/js/clientc932.js]
[lh5.googleusercontent.com/unnamed.png]
[lh5.googleusercontent.com/unnamed-2.png]
[lh6.googleusercontent.com/unnamed.png]
[sites.google.com/view/toader/首頁.html]
